2026-03-22 13:22:06 - __main__ - INFO - Starting API server on 0.0.0.0:8000
2026-03-22 13:22:06 - __main__ - INFO - API Docs: http://0.0.0.0:8000/docs
2026-03-22 13:22:06 - backend.api.app - INFO - Starting Spam Detection API...
2026-03-22 13:22:06 - backend.inference.predictor - INFO - Loading model from: C:\Users\LTR\Documents\projects\machineLearning\Spam-Detection\models\logistic_regression_spam_pipeline.joblib
2026-03-22 13:22:06 - backend.inference.predictor - INFO - Model loaded successfully
2026-03-22 13:22:06 - backend.api.app - INFO - Model loaded successfully
2026-03-22 13:23:09 - __main__ - INFO - Starting API server on 0.0.0.0:8000
2026-03-22 13:23:09 - __main__ - INFO - API Docs: http://0.0.0.0:8000/docs
2026-03-22 13:23:09 - backend.api.app - INFO - Starting Spam Detection API...
2026-03-22 13:23:09 - backend.inference.predictor - INFO - Loading model from: C:\Users\LTR\Documents\projects\machineLearning\Spam-Detection\models\logistic_regression_spam_pipeline.joblib
2026-03-22 13:23:09 - backend.inference.predictor - INFO - Model loaded successfully
2026-03-22 13:23:09 - backend.api.app - INFO - Model loaded successfully
2026-03-22 13:25:32 - backend.api.app - INFO - Shutting down Spam Detection API...
2026-03-22 13:29:03 - __main__ - INFO - Starting API server on 0.0.0.0:8000
2026-03-22 13:29:03 - __main__ - INFO - API Docs: http://0.0.0.0:8000/docs
2026-03-22 13:29:03 - backend.api.app - INFO - Starting Spam Detection API...
2026-03-22 13:29:03 - backend.inference.predictor - INFO - Loading model from: C:\Users\LTR\Documents\projects\machineLearning\Spam-Detection\models\logistic_regression_spam_pipeline.joblib
2026-03-22 13:29:03 - backend.inference.predictor - INFO - Model loaded successfully
2026-03-22 13:29:03 - backend.api.app - INFO - Model loaded successfully
2026-03-22 13:50:34 - backend.api.app - INFO - Shutting down Spam Detection API...
2026-03-22 13:53:55 - __main__ - INFO - Starting API server on 0.0.0.0:8000
2026-03-22 13:53:55 - __main__ - INFO - API Docs: http://0.0.0.0:8000/docs
2026-03-22 13:53:55 - backend.api.app - INFO - Starting Spam Detection API...
2026-03-22 13:53:55 - backend.inference.predictor - INFO - Loading model from: C:\Users\LTR\Documents\projects\machineLearning\Spam-Detection\models\logistic_regression_spam_pipeline.joblib
2026-03-22 13:53:55 - backend.inference.predictor - INFO - Model loaded successfully
2026-03-22 13:53:55 - backend.api.app - INFO - Model loaded successfully
2026-03-22 13:58:03 - backend.inference.predictor - INFO - Loading model from: C:\Users\LTR\Documents\projects\machineLearning\Spam-Detection\models\logistic_regression_spam_pipeline.joblib
2026-03-22 13:58:03 - backend.inference.predictor - INFO - Model loaded successfully
2026-03-22 13:58:13 - backend.inference.predictor - INFO - Loading model from: C:\Users\LTR\Documents\projects\machineLearning\Spam-Detection\models\logistic_regression_spam_pipeline.joblib
2026-03-22 13:58:13 - backend.inference.predictor - INFO - Model loaded successfully
2026-03-22 13:59:45 - backend.api.app - INFO - Shutting down Spam Detection API...
2026-03-22 14:03:36 - __main__ - INFO - Starting API server on 0.0.0.0:8000
2026-03-22 14:03:36 - __main__ - INFO - API Docs: http://0.0.0.0:8000/docs
2026-03-22 14:03:36 - backend.api.app - INFO - Starting Spam Detection API...
2026-03-22 14:03:36 - backend.inference.predictor - INFO - Loading model from: C:\Users\LTR\Documents\projects\machineLearning\Spam-Detection\models\logistic_regression_spam_pipeline.joblib
2026-03-22 14:03:36 - backend.inference.predictor - INFO - Model loaded successfully
2026-03-22 14:03:36 - backend.api.app - INFO - Model loaded successfully
2026-03-22 14:06:57 - backend.data.loader - INFO - Loading SMS Spam Collection from: None
2026-03-22 14:06:57 - backend.data.loader - INFO - Loading from local file: C:\Users\LTR\Documents\projects\machineLearning\Spam-Detection\data\raw\sms_spam.csv
2026-03-22 14:06:57 - backend.data.loader - INFO - Train/test split: 618 train, 155 test
2026-03-22 14:09:57 - __main__ - INFO - ============================================================
2026-03-22 14:09:57 - __main__ - INFO - SPAM DETECTION - MODEL TRAINING
2026-03-22 14:09:57 - __main__ - INFO - ============================================================
2026-03-22 14:09:57 - backend.data.loader - INFO - Loading SMS Spam Collection from: None
2026-03-22 14:09:57 - backend.data.loader - INFO - Loading from local file: C:\Users\LTR\Documents\projects\machineLearning\Spam-Detection\data\raw\sms_spam.csv
2026-03-22 14:09:57 - backend.data.loader - WARNING - Found 403 duplicate messages
2026-03-22 14:09:57 - backend.data.loader - INFO - Data validation passed
2026-03-22 14:09:57 - backend.data.loader - INFO - Train/test split: 4457 train, 1115 test
2026-03-22 14:09:57 - backend.models.trainer - INFO - 
============================================================
2026-03-22 14:09:57 - backend.models.trainer - INFO - Training: naive_bayes + count
2026-03-22 14:09:57 - backend.models.trainer - INFO - ============================================================
2026-03-22 14:09:57 - backend.models.pipeline - INFO - Built pipeline with 2 steps
2026-03-22 14:09:57 - backend.models.pipeline - INFO - Training naive_bayes with count vectorizer
2026-03-22 14:09:57 - backend.models.pipeline - INFO - Performing grid search with 5-fold CV
2026-03-22 14:10:02 - backend.models.pipeline - INFO - Best parameters: {'classifier__alpha': 0.1, 'classifier__fit_prior': True}
2026-03-22 14:10:02 - backend.models.pipeline - INFO - Best CV F1 score: 0.9464
2026-03-22 14:10:02 - backend.models.pipeline - INFO - Training complete. Train F1: 0.9688
2026-03-22 14:10:02 - backend.models.evaluator - INFO - 
============================================================
2026-03-22 14:10:02 - backend.models.evaluator - INFO - EVALUATION RESULTS
2026-03-22 14:10:02 - backend.models.evaluator - INFO - ============================================================
2026-03-22 14:10:02 - backend.models.evaluator - INFO - Accuracy:  0.9857
2026-03-22 14:10:02 - backend.models.evaluator - INFO - Precision: 0.9854
2026-03-22 14:10:02 - backend.models.evaluator - INFO - Recall:    0.9060
2026-03-22 14:10:02 - backend.models.evaluator - INFO - F1 Score:  0.9441
2026-03-22 14:10:02 - backend.models.evaluator - INFO - 
Confusion Matrix:
2026-03-22 14:10:02 - backend.models.evaluator - INFO - [[964   2]
 [ 14 135]]
2026-03-22 14:10:02 - backend.models.evaluator - INFO - 
Classification Report:
2026-03-22 14:10:02 - backend.models.evaluator - INFO -               precision    recall  f1-score   support

         ham       0.99      1.00      0.99       966
        spam       0.99      0.91      0.94       149

    accuracy                           0.99      1115
   macro avg       0.99      0.95      0.97      1115
weighted avg       0.99      0.99      0.99      1115

2026-03-22 14:10:02 - backend.models.evaluator - INFO - ============================================================
2026-03-22 14:10:02 - backend.models.trainer - INFO - 
============================================================
2026-03-22 14:10:02 - backend.models.trainer - INFO - Training: logistic_regression + count
2026-03-22 14:10:02 - backend.models.trainer - INFO - ============================================================
2026-03-22 14:10:02 - backend.models.pipeline - INFO - Built pipeline with 2 steps
2026-03-22 14:10:02 - backend.models.pipeline - INFO - Training logistic_regression with count vectorizer
2026-03-22 14:10:02 - backend.models.pipeline - INFO - Performing grid search with 5-fold CV
2026-03-22 14:10:44 - backend.models.pipeline - INFO - Best parameters: {'classifier__C': 100.0, 'classifier__max_iter': 500, 'classifier__solver': 'lbfgs'}
2026-03-22 14:10:44 - backend.models.pipeline - INFO - Best CV F1 score: 0.9433
2026-03-22 14:10:44 - backend.models.pipeline - INFO - Training complete. Train F1: 0.9992
2026-03-22 14:10:44 - backend.models.evaluator - INFO - 
============================================================
2026-03-22 14:10:44 - backend.models.evaluator - INFO - EVALUATION RESULTS
2026-03-22 14:10:44 - backend.models.evaluator - INFO - ============================================================
2026-03-22 14:10:44 - backend.models.evaluator - INFO - Accuracy:  0.9830
2026-03-22 14:10:44 - backend.models.evaluator - INFO - Precision: 0.9924
2026-03-22 14:10:44 - backend.models.evaluator - INFO - Recall:    0.8792
2026-03-22 14:10:44 - backend.models.evaluator - INFO - F1 Score:  0.9324
2026-03-22 14:10:44 - backend.models.evaluator - INFO - 
Confusion Matrix:
2026-03-22 14:10:44 - backend.models.evaluator - INFO - [[965   1]
 [ 18 131]]
2026-03-22 14:10:44 - backend.models.evaluator - INFO - 
Classification Report:
2026-03-22 14:10:44 - backend.models.evaluator - INFO -               precision    recall  f1-score   support

         ham       0.98      1.00      0.99       966
        spam       0.99      0.88      0.93       149

    accuracy                           0.98      1115
   macro avg       0.99      0.94      0.96      1115
weighted avg       0.98      0.98      0.98      1115

2026-03-22 14:10:44 - backend.models.evaluator - INFO - ============================================================
2026-03-22 14:10:44 - backend.models.trainer - INFO - 
============================================================
2026-03-22 14:10:44 - backend.models.trainer - INFO - Training: naive_bayes + tfidf
2026-03-22 14:10:44 - backend.models.trainer - INFO - ============================================================
2026-03-22 14:10:44 - backend.models.pipeline - INFO - Built pipeline with 2 steps
2026-03-22 14:10:44 - backend.models.pipeline - INFO - Training naive_bayes with tfidf vectorizer
2026-03-22 14:10:44 - backend.models.pipeline - INFO - Performing grid search with 5-fold CV
2026-03-22 14:10:47 - backend.models.pipeline - INFO - Best parameters: {'classifier__alpha': 0.1, 'classifier__fit_prior': True}
2026-03-22 14:10:47 - backend.models.pipeline - INFO - Best CV F1 score: 0.9478
2026-03-22 14:10:48 - backend.models.pipeline - INFO - Training complete. Train F1: 0.9709
2026-03-22 14:10:48 - backend.models.evaluator - INFO - 
============================================================
2026-03-22 14:10:48 - backend.models.evaluator - INFO - EVALUATION RESULTS
2026-03-22 14:10:48 - backend.models.evaluator - INFO - ============================================================
2026-03-22 14:10:48 - backend.models.evaluator - INFO - Accuracy:  0.9839
2026-03-22 14:10:48 - backend.models.evaluator - INFO - Precision: 0.9852
2026-03-22 14:10:48 - backend.models.evaluator - INFO - Recall:    0.8926
2026-03-22 14:10:48 - backend.models.evaluator - INFO - F1 Score:  0.9366
2026-03-22 14:10:48 - backend.models.evaluator - INFO - 
Confusion Matrix:
2026-03-22 14:10:48 - backend.models.evaluator - INFO - [[964   2]
 [ 16 133]]
2026-03-22 14:10:48 - backend.models.evaluator - INFO - 
Classification Report:
2026-03-22 14:10:48 - backend.models.evaluator - INFO -               precision    recall  f1-score   support

         ham       0.98      1.00      0.99       966
        spam       0.99      0.89      0.94       149

    accuracy                           0.98      1115
   macro avg       0.98      0.95      0.96      1115
weighted avg       0.98      0.98      0.98      1115

2026-03-22 14:10:48 - backend.models.evaluator - INFO - ============================================================
2026-03-22 14:10:48 - backend.models.trainer - INFO - 
============================================================
2026-03-22 14:10:48 - backend.models.trainer - INFO - Training: logistic_regression + tfidf
2026-03-22 14:10:48 - backend.models.trainer - INFO - ============================================================
2026-03-22 14:10:48 - backend.models.pipeline - INFO - Built pipeline with 2 steps
2026-03-22 14:10:48 - backend.models.pipeline - INFO - Training logistic_regression with tfidf vectorizer
2026-03-22 14:10:48 - backend.models.pipeline - INFO - Performing grid search with 5-fold CV
2026-03-22 14:11:03 - backend.models.pipeline - INFO - Best parameters: {'classifier__C': 100.0, 'classifier__max_iter': 500, 'classifier__solver': 'lbfgs'}
2026-03-22 14:11:03 - backend.models.pipeline - INFO - Best CV F1 score: 0.9535
2026-03-22 14:11:03 - backend.models.pipeline - INFO - Training complete. Train F1: 0.9992
2026-03-22 14:11:03 - backend.models.evaluator - INFO - 
============================================================
2026-03-22 14:11:03 - backend.models.evaluator - INFO - EVALUATION RESULTS
2026-03-22 14:11:03 - backend.models.evaluator - INFO - ============================================================
2026-03-22 14:11:03 - backend.models.evaluator - INFO - Accuracy:  0.9839
2026-03-22 14:11:03 - backend.models.evaluator - INFO - Precision: 0.9925
2026-03-22 14:11:03 - backend.models.evaluator - INFO - Recall:    0.8859
2026-03-22 14:11:03 - backend.models.evaluator - INFO - F1 Score:  0.9362
2026-03-22 14:11:03 - backend.models.evaluator - INFO - 
Confusion Matrix:
2026-03-22 14:11:03 - backend.models.evaluator - INFO - [[965   1]
 [ 17 132]]
2026-03-22 14:11:03 - backend.models.evaluator - INFO - 
Classification Report:
2026-03-22 14:11:03 - backend.models.evaluator - INFO -               precision    recall  f1-score   support

         ham       0.98      1.00      0.99       966
        spam       0.99      0.89      0.94       149

    accuracy                           0.98      1115
   macro avg       0.99      0.94      0.96      1115
weighted avg       0.98      0.98      0.98      1115

2026-03-22 14:11:03 - backend.models.evaluator - INFO - ============================================================
2026-03-22 14:11:03 - backend.models.trainer - INFO - 
================================================================================
2026-03-22 14:11:03 - backend.models.trainer - INFO - MODEL COMPARISON SUMMARY
2026-03-22 14:11:03 - backend.models.trainer - INFO - ================================================================================
2026-03-22 14:11:03 - backend.models.trainer - INFO - Vectorizer               Model Test Accuracy Test Precision Test Recall Test F1 Train F1
     count         naive_bayes        0.9857         0.9854      0.9060  0.9441   0.9688
     tfidf         naive_bayes        0.9839         0.9852      0.8926  0.9366   0.9709
     tfidf logistic_regression        0.9839         0.9925      0.8859  0.9362   0.9992
     count logistic_regression        0.9830         0.9924      0.8792  0.9324   0.9992
2026-03-22 14:11:03 - backend.models.trainer - INFO - ================================================================================
2026-03-22 14:11:04 - backend.models.pipeline - INFO - Pipeline saved to: C:\Users\LTR\Documents\projects\machineLearning\Spam-Detection\models\naive_bayes_spam_pipeline.joblib
2026-03-22 14:11:04 - backend.models.trainer - INFO - 
Best model saved to: C:\Users\LTR\Documents\projects\machineLearning\Spam-Detection\models\naive_bayes_spam_pipeline.joblib
2026-03-22 14:11:04 - __main__ - INFO - 
============================================================
2026-03-22 14:11:04 - __main__ - INFO - TRAINING COMPLETE
2026-03-22 14:11:04 - __main__ - INFO - ============================================================
2026-03-22 14:11:04 - __main__ - INFO - Best Model: naive_bayes + count
2026-03-22 14:11:04 - __main__ - INFO - Test F1 Score: 0.9441
2026-03-22 14:11:04 - __main__ - INFO - Test Precision: 0.9854
2026-03-22 14:11:04 - __main__ - INFO - Test Recall: 0.9060
2026-03-22 14:11:21 - __main__ - INFO - Starting API server on 0.0.0.0:8000
2026-03-22 14:11:21 - __main__ - INFO - API Docs: http://0.0.0.0:8000/docs
2026-03-22 14:11:21 - backend.api.app - INFO - Starting Spam Detection API...
2026-03-22 14:11:21 - backend.inference.predictor - INFO - Loading model from: C:\Users\LTR\Documents\projects\machineLearning\Spam-Detection\models\logistic_regression_spam_pipeline.joblib
2026-03-22 14:11:21 - backend.inference.predictor - INFO - Model loaded successfully
2026-03-22 14:11:21 - backend.api.app - INFO - Model loaded successfully
2026-03-22 14:12:16 - backend.inference.predictor - INFO - Loading model from: C:\Users\LTR\Documents\projects\machineLearning\Spam-Detection\models\logistic_regression_spam_pipeline.joblib
2026-03-22 14:12:16 - backend.inference.predictor - INFO - Model loaded successfully
2026-03-22 14:12:35 - backend.data.loader - INFO - Loading SMS Spam Collection from: None
2026-03-22 14:12:35 - backend.data.loader - INFO - Loading from local file: C:\Users\LTR\Documents\projects\machineLearning\Spam-Detection\data\raw\sms_spam.csv
